<?xml version="1.0" encoding="UTF-8"?>
<coverage generated="1479972619">
  <project timestamp="1479972619">
    <package name="DOSBox\Command">
      <file name="D:\Git\Latihan\DOSBox.php/app/DOSBox/Command/BaseCommand.php">
        <class name="BaseCommand" namespace="DOSBox\Command">
          <metrics methods="8" coveredmethods="6" conditionals="0" coveredconditionals="0" statements="19" coveredstatements="16" elements="27" coveredelements="22"/>
        </class>
        <line num="16" type="method" name="__construct" crap="1" count="47"/>
        <line num="17" type="stmt" count="47"/>
        <line num="18" type="stmt" count="47"/>
        <line num="19" type="stmt" count="47"/>
        <line num="27" type="method" name="checkParameters" crap="4.25" count="31"/>
        <line num="28" type="stmt" count="31"/>
        <line num="29" type="stmt" count="0"/>
        <line num="30" type="stmt" count="0"/>
        <line num="33" type="stmt" count="31"/>
        <line num="34" type="stmt" count="6"/>
        <line num="35" type="stmt" count="6"/>
        <line num="37" type="stmt" count="6"/>
        <line num="40" type="stmt" count="25"/>
        <line num="43" type="method" name="compareCmdName" crap="1" count="32"/>
        <line num="44" type="stmt" count="32"/>
        <line num="47" type="method" name="setParams" crap="1" count="31"/>
        <line num="48" type="stmt" count="31"/>
        <line num="49" type="stmt" count="31"/>
        <line num="51" type="method" name="getParameterCount" crap="1" count="31"/>
        <line num="52" type="stmt" count="31"/>
        <line num="55" type="method" name="getParameterAt" crap="3" count="12"/>
        <line num="56" type="stmt" count="12"/>
        <line num="58" type="stmt" count="12"/>
        <line num="61" type="method" name="getDrive" crap="1" count="28"/>
        <line num="62" type="stmt" count="28"/>
        <line num="65" type="method" name="getCommandName" crap="2" count="0"/>
        <line num="66" type="stmt" count="0"/>
        <metrics loc="67" ncloc="65" classes="1" methods="8" coveredmethods="6" conditionals="0" coveredconditionals="0" statements="19" coveredstatements="16" elements="27" coveredelements="22"/>
      </file>
      <file name="D:\Git\Latihan\DOSBox.php/app/DOSBox/Command/CommandInvoker.php">
        <class name="CommandInvoker" namespace="DOSBox\Command">
          <metrics methods="7" coveredmethods="6" conditionals="0" coveredconditionals="0" statements="51" coveredstatements="45" elements="58" coveredelements="51"/>
        </class>
        <line num="13" type="method" name="setCommands" crap="1" count="14"/>
        <line num="14" type="stmt" count="14"/>
        <line num="15" type="stmt" count="14"/>
        <line num="17" type="method" name="addCommand" crap="1" count="33"/>
        <line num="18" type="stmt" count="33"/>
        <line num="19" type="stmt" count="33"/>
        <line num="21" type="method" name="getCommands" crap="1" count="1"/>
        <line num="22" type="stmt" count="1"/>
        <line num="25" type="method" name="executeCommand" crap="6.97" count="32"/>
        <line num="26" type="stmt" count="32"/>
        <line num="27" type="stmt" count="32"/>
        <line num="30" type="stmt" count="32"/>
        <line num="31" type="stmt" count="32"/>
        <line num="32" type="stmt" count="31"/>
        <line num="34" type="stmt" count="31"/>
        <line num="35" type="stmt" count="6"/>
        <line num="36" type="stmt" count="6"/>
        <line num="39" type="stmt" count="25"/>
        <line num="40" type="stmt" count="25"/>
        <line num="42" type="stmt" count="1"/>
        <line num="43" type="stmt" count="1"/>
        <line num="44" type="stmt" count="1"/>
        <line num="45" type="stmt" count="0"/>
        <line num="46" type="stmt" count="0"/>
        <line num="47" type="stmt" count="0"/>
        <line num="49" type="stmt" count="0"/>
        <line num="50" type="stmt" count="0"/>
        <line num="51" type="stmt" count="0"/>
        <line num="54" type="stmt" count="1"/>
        <line num="56" type="method" name="parseCommandName" crap="3" count="43"/>
        <line num="57" type="stmt" count="43"/>
        <line num="58" type="stmt" count="43"/>
        <line num="60" type="stmt" count="43"/>
        <line num="61" type="stmt" count="43"/>
        <line num="62" type="stmt" count="43"/>
        <line num="64" type="stmt" count="43"/>
        <line num="65" type="stmt" count="43"/>
        <line num="66" type="stmt" count="42"/>
        <line num="67" type="stmt" count="31"/>
        <line num="68" type="stmt" count="31"/>
        <line num="70" type="stmt" count="42"/>
        <line num="72" type="stmt" count="43"/>
        <line num="75" type="method" name="extractCommandParams" crap="1" count="35"/>
        <line num="76" type="stmt" count="35"/>
        <line num="77" type="stmt" count="35"/>
        <line num="80" type="method" name="parseCommandParams" crap="4" count="34"/>
        <line num="81" type="stmt" count="34"/>
        <line num="82" type="stmt" count="34"/>
        <line num="84" type="stmt" count="34"/>
        <line num="85" type="stmt" count="34"/>
        <line num="86" type="stmt" count="34"/>
        <line num="88" type="stmt" count="34"/>
        <line num="89" type="stmt" count="34"/>
        <line num="90" type="stmt" count="34"/>
        <line num="92" type="stmt" count="34"/>
        <line num="93" type="stmt" count="26"/>
        <line num="94" type="stmt" count="34"/>
        <line num="96" type="stmt" count="34"/>
        <metrics loc="97" ncloc="97" classes="1" methods="7" coveredmethods="6" conditionals="0" coveredconditionals="0" statements="51" coveredstatements="45" elements="58" coveredelements="51"/>
      </file>
    </package>
    <package name="DOSBox\Command\Library">
      <file name="D:\Git\Latihan\DOSBox.php/app/DOSBox/Command/Library/CmdCd.php">
        <class name="CmdCd" namespace="DOSBox\Command\Library">
          <metrics methods="7" coveredmethods="6" conditionals="0" coveredconditionals="0" statements="28" coveredstatements="26" elements="35" coveredelements="32"/>
        </class>
        <line num="16" type="method" name="__construct" crap="1" count="13"/>
        <line num="17" type="stmt" count="13"/>
        <line num="18" type="stmt" count="13"/>
        <line num="20" type="method" name="checkNumberOfParameters" crap="2" count="13"/>
        <line num="21" type="stmt" count="13"/>
        <line num="24" type="method" name="checkParameterValues" crap="2" count="13"/>
        <line num="25" type="stmt" count="13"/>
        <line num="26" type="stmt" count="12"/>
        <line num="28" type="stmt" count="12"/>
        <line num="30" type="stmt" count="2"/>
        <line num="31" type="stmt" count="2"/>
        <line num="35" type="method" name="execute" crap="2" count="10"/>
        <line num="36" type="stmt" count="10"/>
        <line num="37" type="stmt" count="2"/>
        <line num="38" type="stmt" count="2"/>
        <line num="39" type="stmt" count="9"/>
        <line num="41" type="stmt" count="10"/>
        <line num="43" type="method" name="printCurrentDirectoryPath" crap="1" count="2"/>
        <line num="44" type="stmt" count="2"/>
        <line num="45" type="stmt" count="2"/>
        <line num="47" type="method" name="changeCurrentDirectory" crap="2.26" count="9"/>
        <line num="48" type="stmt" count="9"/>
        <line num="50" type="stmt" count="9"/>
        <line num="51" type="stmt" count="0"/>
        <line num="52" type="stmt" count="0"/>
        <line num="53" type="stmt" count="9"/>
        <line num="55" type="method" name="extractAndCheckIfValidDirectory" crap="3" count="12"/>
        <line num="56" type="stmt" count="12"/>
        <line num="58" type="stmt" count="12"/>
        <line num="59" type="stmt" count="2"/>
        <line num="60" type="stmt" count="2"/>
        <line num="63" type="stmt" count="10"/>
        <line num="64" type="stmt" count="1"/>
        <line num="65" type="stmt" count="1"/>
        <line num="68" type="stmt" count="9"/>
        <metrics loc="69" ncloc="69" classes="1" methods="7" coveredmethods="6" conditionals="0" coveredconditionals="0" statements="28" coveredstatements="26" elements="35" coveredelements="32"/>
      </file>
      <file name="D:\Git\Latihan\DOSBox.php/app/DOSBox/Command/Library/CmdDir.php">
        <class name="CmdDir" namespace="DOSBox\Command\Library">
          <metrics methods="8" coveredmethods="8" conditionals="0" coveredconditionals="0" statements="39" coveredstatements="39" elements="47" coveredelements="47"/>
        </class>
        <line num="15" type="method" name="__construct" crap="1" count="11"/>
        <line num="16" type="stmt" count="11"/>
        <line num="17" type="stmt" count="11"/>
        <line num="19" type="method" name="checkNumberOfParameters" crap="2" count="11"/>
        <line num="20" type="stmt" count="11"/>
        <line num="23" type="method" name="checkParameterValues" crap="2" count="11"/>
        <line num="24" type="stmt" count="11"/>
        <line num="25" type="stmt" count="5"/>
        <line num="26" type="stmt" count="5"/>
        <line num="27" type="stmt" count="7"/>
        <line num="29" type="stmt" count="11"/>
        <line num="32" type="method" name="checkAndPreparePathParameter" crap="3" count="7"/>
        <line num="33" type="stmt" count="7"/>
        <line num="35" type="stmt" count="7"/>
        <line num="36" type="stmt" count="1"/>
        <line num="37" type="stmt" count="1"/>
        <line num="40" type="stmt" count="6"/>
        <line num="41" type="stmt" count="2"/>
        <line num="44" type="stmt" count="4"/>
        <line num="47" type="method" name="execute" crap="1" count="10"/>
        <line num="48" type="stmt" count="10"/>
        <line num="50" type="stmt" count="10"/>
        <line num="51" type="stmt" count="10"/>
        <line num="52" type="stmt" count="10"/>
        <line num="53" type="stmt" count="10"/>
        <line num="55" type="method" name="printHeader" crap="1" count="10"/>
        <line num="56" type="stmt" count="10"/>
        <line num="57" type="stmt" count="10"/>
        <line num="58" type="stmt" count="10"/>
        <line num="60" type="method" name="printContent" crap="3" count="10"/>
        <line num="61" type="stmt" count="10"/>
        <line num="62" type="stmt" count="10"/>
        <line num="63" type="stmt" count="3"/>
        <line num="64" type="stmt" count="3"/>
        <line num="65" type="stmt" count="3"/>
        <line num="66" type="stmt" count="3"/>
        <line num="67" type="stmt" count="3"/>
        <line num="68" type="stmt" count="10"/>
        <line num="69" type="stmt" count="10"/>
        <line num="72" type="stmt" count="10"/>
        <line num="73" type="stmt" count="10"/>
        <line num="74" type="stmt" count="10"/>
        <line num="75" type="stmt" count="10"/>
        <line num="77" type="method" name="printFooter" crap="1" count="10"/>
        <line num="78" type="stmt" count="10"/>
        <line num="79" type="stmt" count="10"/>
        <line num="80" type="stmt" count="10"/>
        <metrics loc="80" ncloc="78" classes="1" methods="8" coveredmethods="8" conditionals="0" coveredconditionals="0" statements="39" coveredstatements="39" elements="47" coveredelements="47"/>
      </file>
      <file name="D:\Git\Latihan\DOSBox.php/app/DOSBox/Command/Library/CmdMkDir.php">
        <class name="CmdMkDir" namespace="DOSBox\Command\Library">
          <metrics methods="6" coveredmethods="6" conditionals="0" coveredconditionals="0" statements="19" coveredstatements="19" elements="25" coveredelements="25"/>
        </class>
        <line num="13" type="method" name="__construct" crap="1" count="6"/>
        <line num="14" type="stmt" count="6"/>
        <line num="15" type="stmt" count="6"/>
        <line num="17" type="method" name="checkNumberOfParameters" crap="2" count="5"/>
        <line num="18" type="stmt" count="5"/>
        <line num="21" type="method" name="checkParameterValues" crap="3" count="5"/>
        <line num="22" type="stmt" count="5"/>
        <line num="23" type="stmt" count="5"/>
        <line num="24" type="stmt" count="5"/>
        <line num="25" type="stmt" count="3"/>
        <line num="26" type="stmt" count="3"/>
        <line num="30" type="method" name="parameterContainsBacklashes" crap="3" count="5"/>
        <line num="32" type="stmt" count="5"/>
        <line num="33" type="stmt" count="2"/>
        <line num="34" type="stmt" count="2"/>
        <line num="37" type="stmt" count="3"/>
        <line num="40" type="method" name="execute" crap="2" count="3"/>
        <line num="41" type="stmt" count="3"/>
        <line num="42" type="stmt" count="3"/>
        <line num="43" type="stmt" count="3"/>
        <line num="44" type="stmt" count="3"/>
        <line num="46" type="method" name="createDirectory" crap="1" count="4"/>
        <line num="47" type="stmt" count="4"/>
        <line num="48" type="stmt" count="4"/>
        <line num="49" type="stmt" count="4"/>
        <metrics loc="49" ncloc="45" classes="1" methods="6" coveredmethods="6" conditionals="0" coveredconditionals="0" statements="19" coveredstatements="19" elements="25" coveredelements="25"/>
      </file>
      <file name="D:\Git\Latihan\DOSBox.php/app/DOSBox/Command/Library/CmdMkFile.php">
        <class name="CmdMkFile" namespace="DOSBox\Command\Library">
          <metrics methods="4" coveredmethods="4" conditionals="0" coveredconditionals="0" statements="9" coveredstatements="9" elements="13" coveredelements="13"/>
        </class>
        <line num="11" type="method" name="__construct" crap="1" count="3"/>
        <line num="12" type="stmt" count="3"/>
        <line num="13" type="stmt" count="3"/>
        <line num="15" type="method" name="checkNumberOfParameters" crap="1" count="1"/>
        <line num="16" type="stmt" count="1"/>
        <line num="19" type="method" name="checkParameterValues" crap="1" count="1"/>
        <line num="20" type="stmt" count="1"/>
        <line num="23" type="method" name="execute" crap="1" count="1"/>
        <line num="24" type="stmt" count="1"/>
        <line num="25" type="stmt" count="1"/>
        <line num="26" type="stmt" count="1"/>
        <line num="27" type="stmt" count="1"/>
        <line num="28" type="stmt" count="1"/>
        <metrics loc="29" ncloc="29" classes="1" methods="4" coveredmethods="4" conditionals="0" coveredconditionals="0" statements="9" coveredstatements="9" elements="13" coveredelements="13"/>
      </file>
      <file name="D:\Git\Latihan\DOSBox.php/app/DOSBox/Command/Library/CmdMock.php">
        <class name="CmdMock" namespace="DOSBox\Command\Library">
          <metrics methods="4" coveredmethods="4" conditionals="0" coveredconditionals="0" statements="6" coveredstatements="6" elements="10" coveredelements="10"/>
        </class>
        <line num="13" type="method" name="__construct" crap="1" count="14"/>
        <line num="14" type="stmt" count="14"/>
        <line num="15" type="stmt" count="14"/>
        <line num="17" type="method" name="checkNumberOfParameters" crap="1" count="1"/>
        <line num="18" type="stmt" count="1"/>
        <line num="21" type="method" name="checkParameterValues" crap="1" count="1"/>
        <line num="22" type="stmt" count="1"/>
        <line num="25" type="method" name="execute" crap="1" count="1"/>
        <line num="26" type="stmt" count="1"/>
        <line num="27" type="stmt" count="1"/>
        <metrics loc="27" ncloc="27" classes="1" methods="4" coveredmethods="4" conditionals="0" coveredconditionals="0" statements="6" coveredstatements="6" elements="10" coveredelements="10"/>
      </file>
    </package>
    <package name="DOSBox\Console">
      <file name="D:\Git\Latihan\DOSBox.php/app/DOSBox/Console/ConsoleOutputter.php">
        <class name="ConsoleOutputter" namespace="DOSBox\Console">
          <metrics methods="8" coveredmethods="2" conditionals="0" coveredconditionals="0" statements="21" coveredstatements="4" elements="29" coveredelements="6"/>
        </class>
        <line num="10" type="method" name="printLine" crap="2" count="0"/>
        <line num="11" type="stmt" count="0"/>
        <line num="12" type="stmt" count="0"/>
        <line num="13" type="stmt" count="0"/>
        <line num="15" type="method" name="printNoLine" crap="2" count="0"/>
        <line num="16" type="stmt" count="0"/>
        <line num="17" type="stmt" count="0"/>
        <line num="18" type="stmt" count="0"/>
        <line num="20" type="method" name="newLine" crap="2" count="0"/>
        <line num="21" type="stmt" count="0"/>
        <line num="22" type="stmt" count="0"/>
        <line num="24" type="method" name="readSingleCharacter" crap="20" count="0"/>
        <line num="25" type="stmt" count="0"/>
        <line num="27" type="stmt" count="0"/>
        <line num="28" type="stmt" count="0"/>
        <line num="29" type="stmt" count="0"/>
        <line num="30" type="stmt" count="0"/>
        <line num="32" type="stmt" count="0"/>
        <line num="35" type="method" name="numberOfCharactersPrinted" crap="2" count="0"/>
        <line num="36" type="stmt" count="0"/>
        <line num="39" type="method" name="hasCharactersPrinted" crap="1" count="6"/>
        <line num="40" type="stmt" count="6"/>
        <line num="43" type="method" name="resetStatistics" crap="2" count="0"/>
        <line num="44" type="stmt" count="0"/>
        <line num="45" type="stmt" count="0"/>
        <line num="47" type="method" name="analyzePrintedCharacters" crap="1" count="18"/>
        <line num="48" type="stmt" count="18"/>
        <line num="49" type="stmt" count="18"/>
        <line num="50" type="stmt" count="18"/>
        <metrics loc="50" ncloc="46" classes="1" methods="8" coveredmethods="2" conditionals="0" coveredconditionals="0" statements="21" coveredstatements="4" elements="29" coveredelements="6"/>
      </file>
      <file name="D:\Git\Latihan\DOSBox.php/app/DOSBox/Console/MockOutputter.php">
        <class name="MockOutputter" namespace="DOSBox\Console">
          <metrics methods="5" coveredmethods="5" conditionals="0" coveredconditionals="0" statements="10" coveredstatements="10" elements="15" coveredelements="15"/>
        </class>
        <line num="8" type="method" name="printLine" crap="1" count="18"/>
        <line num="9" type="stmt" count="18"/>
        <line num="10" type="stmt" count="18"/>
        <line num="11" type="stmt" count="18"/>
        <line num="13" type="method" name="printNoLine" crap="1" count="10"/>
        <line num="14" type="stmt" count="10"/>
        <line num="15" type="stmt" count="10"/>
        <line num="16" type="stmt" count="10"/>
        <line num="18" type="method" name="newLine" crap="1" count="10"/>
        <line num="20" type="stmt" count="10"/>
        <line num="22" type="method" name="getOutput" crap="1" count="30"/>
        <line num="23" type="stmt" count="30"/>
        <line num="26" type="method" name="_empty" crap="1" count="1"/>
        <line num="27" type="stmt" count="1"/>
        <line num="28" type="stmt" count="1"/>
        <metrics loc="29" ncloc="27" classes="1" methods="5" coveredmethods="5" conditionals="0" coveredconditionals="0" statements="10" coveredstatements="10" elements="15" coveredelements="15"/>
      </file>
    </package>
    <package name="DOSBox\Filesystem">
      <file name="D:\Git\Latihan\DOSBox.php/app/DOSBox/Filesystem/Directory.php">
        <class name="Directory" namespace="DOSBox\Filesystem">
          <metrics methods="11" coveredmethods="7" conditionals="0" coveredconditionals="0" statements="39" coveredstatements="26" elements="50" coveredelements="33"/>
        </class>
        <line num="10" type="method" name="__construct" crap="1" count="46"/>
        <line num="11" type="stmt" count="46"/>
        <line num="12" type="stmt" count="46"/>
        <line num="13" type="stmt" count="46"/>
        <line num="16" type="method" name="add" crap="2.15" count="39"/>
        <line num="17" type="stmt" count="39"/>
        <line num="18" type="stmt" count="39"/>
        <line num="19" type="stmt" count="0"/>
        <line num="20" type="stmt" count="0"/>
        <line num="21" type="stmt" count="39"/>
        <line num="22" type="stmt" count="39"/>
        <line num="24" type="method" name="hasAnotherParent" crap="1" count="39"/>
        <line num="25" type="stmt" count="39"/>
        <line num="29" type="method" name="removeParent" crap="1" count="1"/>
        <line num="31" type="stmt" count="1"/>
        <line num="32" type="stmt" count="1"/>
        <line num="34" type="method" name="remove" crap="6" count="0"/>
        <line num="35" type="stmt" count="0"/>
        <line num="36" type="stmt" count="0"/>
        <line num="37" type="stmt" count="0"/>
        <line num="38" type="stmt" count="0"/>
        <line num="39" type="stmt" count="0"/>
        <line num="41" type="method" name="getContent" crap="1" count="37"/>
        <line num="42" type="stmt" count="37"/>
        <line num="45" type="method" name="isDirectory" crap="1" count="30"/>
        <line num="46" type="stmt" count="30"/>
        <line num="49" type="method" name="getNumberOfContainedFiles" crap="3" count="13"/>
        <line num="50" type="stmt" count="13"/>
        <line num="51" type="stmt" count="13"/>
        <line num="52" type="stmt" count="11"/>
        <line num="53" type="stmt" count="11"/>
        <line num="54" type="stmt" count="11"/>
        <line num="55" type="stmt" count="13"/>
        <line num="56" type="stmt" count="13"/>
        <line num="59" type="method" name="getNumberOfContainedDirectories" crap="3" count="17"/>
        <line num="60" type="stmt" count="17"/>
        <line num="61" type="stmt" count="17"/>
        <line num="62" type="stmt" count="13"/>
        <line num="63" type="stmt" count="6"/>
        <line num="64" type="stmt" count="6"/>
        <line num="65" type="stmt" count="17"/>
        <line num="66" type="stmt" count="17"/>
        <line num="69" type="method" name="getSize" crap="2" count="0"/>
        <line num="70" type="stmt" count="0"/>
        <line num="74" type="method" name="removeContent" crap="6" count="0"/>
        <line num="75" type="stmt" count="0"/>
        <line num="76" type="stmt" count="0"/>
        <line num="77" type="stmt" count="0"/>
        <line num="78" type="stmt" count="0"/>
        <line num="79" type="stmt" count="0"/>
        <metrics loc="79" ncloc="69" classes="1" methods="11" coveredmethods="7" conditionals="0" coveredconditionals="0" statements="39" coveredstatements="26" elements="50" coveredelements="33"/>
      </file>
      <file name="D:\Git\Latihan\DOSBox.php/app/DOSBox/Filesystem/Drive.php">
        <class name="Drive" namespace="DOSBox\Filesystem">
          <metrics methods="15" coveredmethods="8" conditionals="0" coveredconditionals="0" statements="74" coveredstatements="66" elements="89" coveredelements="74"/>
        </class>
        <line num="14" type="method" name="__construct" crap="1" count="41"/>
        <line num="15" type="stmt" count="41"/>
        <line num="16" type="stmt" count="41"/>
        <line num="17" type="stmt" count="41"/>
        <line num="18" type="stmt" count="41"/>
        <line num="19" type="stmt" count="41"/>
        <line num="21" type="method" name="getLabel" crap="2" count="0"/>
        <line num="22" type="stmt" count="0"/>
        <line num="25" type="method" name="setLabel" crap="2" count="0"/>
        <line num="26" type="stmt" count="0"/>
        <line num="27" type="stmt" count="0"/>
        <line num="29" type="method" name="getRootDirectory" crap="1" count="14"/>
        <line num="30" type="stmt" count="14"/>
        <line num="33" type="method" name="save" crap="2" count="0"/>
        <line num="35" type="stmt" count="0"/>
        <line num="37" type="method" name="createFromRealDirectory" crap="2" count="0"/>
        <line num="39" type="stmt" count="0"/>
        <line num="41" type="method" name="restore" crap="2" count="0"/>
        <line num="43" type="stmt" count="0"/>
        <line num="45" type="method" name="getDriveLetter" crap="1" count="3"/>
        <line num="46" type="stmt" count="3"/>
        <line num="49" type="method" name="getPrompt" crap="2" count="0"/>
        <line num="50" type="stmt" count="0"/>
        <line num="53" type="method" name="getCurrentDirectory" crap="1" count="27"/>
        <line num="54" type="stmt" count="27"/>
        <line num="57" type="method" name="getRootDir" crap="1" count="35"/>
        <line num="58" type="stmt" count="35"/>
        <line num="61" type="method" name="getItemFromPath" crap="15" count="34"/>
        <line num="62" type="stmt" count="34"/>
        <line num="65" type="stmt" count="34"/>
        <line num="67" type="stmt" count="34"/>
        <line num="68" type="stmt" count="34"/>
        <line num="69" type="stmt" count="2"/>
        <line num="70" type="stmt" count="2"/>
        <line num="73" type="stmt" count="34"/>
        <line num="74" type="stmt" count="2"/>
        <line num="77" type="stmt" count="34"/>
        <line num="78" type="stmt" count="4"/>
        <line num="79" type="stmt" count="4"/>
        <line num="80" type="stmt" count="2"/>
        <line num="81" type="stmt" count="2"/>
        <line num="82" type="stmt" count="4"/>
        <line num="85" type="stmt" count="34"/>
        <line num="86" type="stmt" count="3"/>
        <line num="90" type="stmt" count="34"/>
        <line num="91" type="stmt" count="34"/>
        <line num="92" type="stmt" count="1"/>
        <line num="93" type="stmt" count="1"/>
        <line num="94" type="stmt" count="34"/>
        <line num="97" type="stmt" count="34"/>
        <line num="98" type="stmt" count="30"/>
        <line num="99" type="stmt" count="1"/>
        <line num="100" type="stmt" count="1"/>
        <line num="101" type="stmt" count="1"/>
        <line num="103" type="stmt" count="1"/>
        <line num="104" type="stmt" count="1"/>
        <line num="105" type="stmt" count="30"/>
        <line num="108" type="stmt" count="34"/>
        <line num="109" type="stmt" count="1"/>
        <line num="110" type="stmt" count="1"/>
        <line num="112" type="stmt" count="34"/>
        <line num="113" type="stmt" count="6"/>
        <line num="114" type="stmt" count="6"/>
        <line num="117" type="stmt" count="34"/>
        <line num="118" type="stmt" count="15"/>
        <line num="121" type="stmt" count="30"/>
        <line num="124" type="method" name="patchGivenItem" crap="1" count="35"/>
        <line num="125" type="stmt" count="35"/>
        <line num="127" type="stmt" count="35"/>
        <line num="130" type="method" name="getItemFromDirectory" crap="5" count="31"/>
        <line num="131" type="stmt" count="31"/>
        <line num="132" type="stmt" count="31"/>
        <line num="133" type="stmt" count="31"/>
        <line num="135" type="stmt" count="31"/>
        <line num="136" type="stmt" count="31"/>
        <line num="138" type="stmt" count="31"/>
        <line num="139" type="stmt" count="29"/>
        <line num="142" type="stmt" count="16"/>
        <line num="143" type="stmt" count="15"/>
        <line num="145" type="stmt" count="15"/>
        <line num="146" type="stmt" count="7"/>
        <line num="148" type="stmt" count="11"/>
        <line num="149" type="stmt" count="15"/>
        <line num="151" type="stmt" count="11"/>
        <line num="154" type="method" name="changeCurrentDirectory" crap="2.06" count="27"/>
        <line num="155" type="stmt" count="27"/>
        <line num="156" type="stmt" count="27"/>
        <line num="157" type="stmt" count="27"/>
        <line num="159" type="stmt" count="0"/>
        <metrics loc="161" ncloc="139" classes="1" methods="15" coveredmethods="8" conditionals="0" coveredconditionals="0" statements="74" coveredstatements="66" elements="89" coveredelements="74"/>
      </file>
      <file name="D:\Git\Latihan\DOSBox.php/app/DOSBox/Filesystem/File.php">
        <class name="File" namespace="DOSBox\Filesystem">
          <metrics methods="6" coveredmethods="4" conditionals="0" coveredconditionals="0" statements="8" coveredstatements="6" elements="14" coveredelements="10"/>
        </class>
        <line num="10" type="method" name="__construct" crap="1" count="33"/>
        <line num="11" type="stmt" count="33"/>
        <line num="12" type="stmt" count="33"/>
        <line num="13" type="stmt" count="33"/>
        <line num="15" type="method" name="getFileContent" crap="1" count="1"/>
        <line num="16" type="stmt" count="1"/>
        <line num="19" type="method" name="isDirectory" crap="1" count="23"/>
        <line num="20" type="stmt" count="23"/>
        <line num="23" type="method" name="getSize" crap="1" count="10"/>
        <line num="24" type="stmt" count="10"/>
        <line num="27" type="method" name="getNumberOfContainedFiles" crap="2" count="0"/>
        <line num="28" type="stmt" count="0"/>
        <line num="31" type="method" name="getNumberOfContainedDirectories" crap="2" count="0"/>
        <line num="32" type="stmt" count="0"/>
        <metrics loc="33" ncloc="29" classes="1" methods="6" coveredmethods="4" conditionals="0" coveredconditionals="0" statements="8" coveredstatements="6" elements="14" coveredelements="10"/>
      </file>
      <file name="D:\Git\Latihan\DOSBox.php/app/DOSBox/Filesystem/FileSystemItem.php">
        <class name="FileSystemItem" namespace="DOSBox\Filesystem">
          <metrics methods="8" coveredmethods="5" conditionals="0" coveredconditionals="0" statements="22" coveredstatements="19" elements="30" coveredelements="24"/>
        </class>
        <line num="12" type="method" name="__construct" crap="1" count="46"/>
        <line num="13" type="stmt" count="46"/>
        <line num="14" type="stmt" count="46"/>
        <line num="15" type="stmt" count="46"/>
        <line num="17" type="method" name="getPath" crap="2" count="36"/>
        <line num="18" type="stmt" count="36"/>
        <line num="20" type="stmt" count="36"/>
        <line num="21" type="stmt" count="32"/>
        <line num="22" type="stmt" count="32"/>
        <line num="23" type="stmt" count="36"/>
        <line num="26" type="stmt" count="36"/>
        <line num="29" type="method" name="getParent" crap="1" count="40"/>
        <line num="30" type="stmt" count="40"/>
        <line num="33" type="method" name="setParent" crap="1" count="40"/>
        <line num="34" type="stmt" count="40"/>
        <line num="35" type="stmt" count="40"/>
        <line num="37" type="method" name="checkName" crap="5.39" count="1"/>
        <line num="38" type="stmt" count="1"/>
        <line num="39" type="stmt" count="1"/>
        <line num="40" type="stmt" count="0"/>
        <line num="43" type="stmt" count="1"/>
        <line num="46" type="method" name="setName" crap="2.06" count="1"/>
        <line num="47" type="stmt" count="1"/>
        <line num="48" type="stmt" count="0"/>
        <line num="51" type="stmt" count="1"/>
        <line num="52" type="stmt" count="1"/>
        <line num="54" type="method" name="getName" crap="1" count="16"/>
        <line num="55" type="stmt" count="16"/>
        <line num="66" type="method" name="__toString" crap="2" count="0"/>
        <line num="67" type="stmt" count="0"/>
        <metrics loc="68" ncloc="66" classes="1" methods="8" coveredmethods="5" conditionals="0" coveredconditionals="0" statements="22" coveredstatements="19" elements="30" coveredelements="24"/>
      </file>
    </package>
    <file name="D:\Git\Latihan\DOSBox.php/bootstrap.php">
      <line num="4" type="stmt" count="5"/>
      <line num="5" type="stmt" count="5"/>
      <line num="6" type="stmt" count="5"/>
      <line num="7" type="stmt" count="5"/>
      <line num="8" type="stmt" count="5"/>
      <line num="9" type="stmt" count="5"/>
      <metrics loc="10" ncloc="10" classes="0" methods="0" coveredmethods="0" conditionals="0" coveredconditionals="0" statements="6" coveredstatements="6" elements="6" coveredelements="6"/>
    </file>
    <metrics files="14" loc="848" ncloc="796" classes="13" methods="97" coveredmethods="71" conditionals="0" coveredconditionals="0" statements="351" coveredstatements="297" elements="448" coveredelements="368"/>
  </project>
</coverage>
